C:\Program Files (x86)\Microsoft Visual Studio\2019\Community\MSBuild\Microsoft\VC\v160\Microsoft.CppBuild.targets(459,5): warning MSB8028: The intermediate directory (x64\Release\) contains files shared from another project (Project1.vcxproj).  This can lead to incorrect clean and rebuild behavior.
cl : 命令行 warning D9025: 正在重写“/sdl”(用“/GS-”)
  ffmpeg.cpp
E:\OneDrive - stu.xmu.edu.cn\Visual Net\src\ffmpeg.cpp(1,1): warning C4819: 该文件包含不能在当前代码页(936)中表示的字符。请将该文件保存为 Unicode 格式以防止数据丢失
  main.cpp
E:\OneDrive - stu.xmu.edu.cn\Visual Net\src\main.cpp(14,1): warning C4996: 'fopen': This function or variable may be unsafe. Consider using fopen_s instead. To disable deprecation, use _CRT_SECURE_NO_WARNINGS. See online help for details.
D:\Windows Kits\10\Include\10.0.17763.0\ucrt\stdio.h(208): message : 参见“fopen”的声明
  pic.cpp
E:\OneDrive - stu.xmu.edu.cn\Visual Net\src\pic.cpp(13,37): warning C4305: “初始化”: 从“double”到“const float”截断
E:\OneDrive - stu.xmu.edu.cn\Visual Net\src\pic.cpp(13,58): warning C4305: “初始化”: 从“double”到“const float”截断
E:\OneDrive - stu.xmu.edu.cn\Visual Net\src\pic.cpp(14,39): warning C4305: “初始化”: 从“double”到“const float”截断
E:\OneDrive - stu.xmu.edu.cn\Visual Net\src\pic.cpp(14,62): warning C4305: “初始化”: 从“double”到“const float”截断
E:\OneDrive - stu.xmu.edu.cn\Visual Net\src\pic.cpp(27,26): warning C4267: “初始化”: 从“size_t”转换到“int”，可能丢失数据
E:\OneDrive - stu.xmu.edu.cn\Visual Net\src\pic.cpp(28,101): warning C4244: “=”: 从“int”转换到“float”，可能丢失数据
E:\OneDrive - stu.xmu.edu.cn\Visual Net\src\pic.cpp(29,101): warning C4244: “=”: 从“int”转换到“float”，可能丢失数据
E:\OneDrive - stu.xmu.edu.cn\Visual Net\src\pic.cpp(34,12): warning C4244: “初始化”: 从“_Tp”转换到“float”，可能丢失数据
          with
          [
              _Tp=int
          ]
E:\OneDrive - stu.xmu.edu.cn\Visual Net\src\pic.cpp(34,41): warning C4244: “初始化”: 从“_Tp”转换到“float”，可能丢失数据
          with
          [
              _Tp=int
          ]
E:\OneDrive - stu.xmu.edu.cn\Visual Net\src\pic.cpp(35,12): warning C4244: “初始化”: 从“_Tp”转换到“float”，可能丢失数据
          with
          [
              _Tp=int
          ]
E:\OneDrive - stu.xmu.edu.cn\Visual Net\src\pic.cpp(35,41): warning C4244: “初始化”: 从“_Tp”转换到“float”，可能丢失数据
          with
          [
              _Tp=int
          ]
E:\OneDrive - stu.xmu.edu.cn\Visual Net\src\pic.cpp(44,13): warning C4244: “初始化”: 从“_Tp”转换到“float”，可能丢失数据
          with
          [
              _Tp=int
          ]
E:\OneDrive - stu.xmu.edu.cn\Visual Net\src\pic.cpp(44,40): warning C4244: “初始化”: 从“_Tp”转换到“float”，可能丢失数据
          with
          [
              _Tp=int
          ]
E:\OneDrive - stu.xmu.edu.cn\Visual Net\src\pic.cpp(45,13): warning C4244: “初始化”: 从“_Tp”转换到“float”，可能丢失数据
          with
          [
              _Tp=int
          ]
E:\OneDrive - stu.xmu.edu.cn\Visual Net\src\pic.cpp(45,40): warning C4244: “初始化”: 从“_Tp”转换到“float”，可能丢失数据
          with
          [
              _Tp=int
          ]
E:\OneDrive - stu.xmu.edu.cn\Visual Net\src\pic.cpp(96,66): warning C4244: “参数”: 从“float”转换到“_Tp”，可能丢失数据
          with
          [
              _Tp=int
          ]
E:\OneDrive - stu.xmu.edu.cn\Visual Net\src\pic.cpp(96,28): warning C4244: “参数”: 从“float”转换到“_Tp”，可能丢失数据
          with
          [
              _Tp=int
          ]
E:\OneDrive - stu.xmu.edu.cn\Visual Net\src\pic.cpp(100,23): warning C4244: “参数”: 从“int”转换到“_Tp”，可能丢失数据
          with
          [
              _Tp=float
          ]
E:\OneDrive - stu.xmu.edu.cn\Visual Net\src\pic.cpp(101,26): warning C4244: “参数”: 从“int”转换到“_Tp”，可能丢失数据
          with
          [
              _Tp=float
          ]
E:\OneDrive - stu.xmu.edu.cn\Visual Net\src\pic.cpp(102,39): warning C4244: “参数”: 从“int”转换到“_Tp”，可能丢失数据
          with
          [
              _Tp=float
          ]
E:\OneDrive - stu.xmu.edu.cn\Visual Net\src\pic.cpp(102,23): warning C4244: “参数”: 从“int”转换到“_Tp”，可能丢失数据
          with
          [
              _Tp=float
          ]
E:\OneDrive - stu.xmu.edu.cn\Visual Net\src\pic.cpp(129,1): warning C4267: “初始化”: 从“size_t”转换到“int”，可能丢失数据
E:\OneDrive - stu.xmu.edu.cn\Visual Net\src\pic.cpp(132,37): warning C4305: “初始化”: 从“double”到“const float”截断
E:\OneDrive - stu.xmu.edu.cn\Visual Net\src\pic.cpp(132,57): warning C4305: “初始化”: 从“double”到“const float”截断
E:\OneDrive - stu.xmu.edu.cn\Visual Net\src\pic.cpp(134,61): warning C4305: “初始化”: 从“double”到“const float”截断
E:\OneDrive - stu.xmu.edu.cn\Visual Net\src\pic.cpp(134,86): warning C4305: “初始化”: 从“double”到“const float”截断
E:\OneDrive - stu.xmu.edu.cn\Visual Net\src\pic.cpp(208,15): warning C4244: “初始化”: 从“double”转换到“float”，可能丢失数据
E:\OneDrive - stu.xmu.edu.cn\Visual Net\src\pic.cpp(298,19): warning C4244: “初始化”: 从“double”转换到“float”，可能丢失数据
E:\OneDrive - stu.xmu.edu.cn\Visual Net\src\pic.cpp(383,100): warning C4267: “参数”: 从“size_t”转换到“const int”，可能丢失数据
E:\OneDrive - stu.xmu.edu.cn\Visual Net\src\pic.cpp(469,35): warning C4244: “/=”: 从“double”转换到“float”，可能丢失数据
E:\OneDrive - stu.xmu.edu.cn\Visual Net\src\pic.cpp(494,63): warning C4244: “参数”: 从“double”转换到“_Ty”，可能丢失数据
          with
          [
              _Ty=float
          ]
E:\OneDrive - stu.xmu.edu.cn\Visual Net\src\pic.cpp(566,17): warning C4244: “初始化”: 从“double”转换到“float”，可能丢失数据
E:\OneDrive - stu.xmu.edu.cn\Visual Net\src\pic.cpp(595,47): warning C4244: “+=”: 从“double”转换到“float”，可能丢失数据
E:\OneDrive - stu.xmu.edu.cn\Visual Net\src\pic.cpp(596,46): warning C4244: “+=”: 从“double”转换到“float”，可能丢失数据
E:\OneDrive - stu.xmu.edu.cn\Visual Net\src\pic.cpp(597,26): warning C4244: “/=”: 从“double”转换到“float”，可能丢失数据
E:\OneDrive - stu.xmu.edu.cn\Visual Net\src\pic.cpp(598,39): warning C4244: “=”: 从“double”转换到“float”，可能丢失数据
E:\OneDrive - stu.xmu.edu.cn\Visual Net\src\pic.cpp(602,24): warning C4244: “初始化”: 从“double”转换到“float”，可能丢失数据
  code.cpp
  正在生成代码
  Compiler switch has changed, fall back to full compilation.
  All 308 functions were compiled because no usable IPDB/IOBJ from previous compilation was found.
  已完成代码的生成
  Project1.vcxproj -> E:\OneDrive - stu.xmu.edu.cn\Visual Net\src\x64\Release\Visual Net.exe
