C:\Program Files (x86)\Microsoft Visual Studio\2019\Community\MSBuild\Microsoft\VC\v160\Microsoft.CppBuild.targets(459,5): warning MSB8028: The intermediate directory (x64\Debug\) contains files shared from another project (Project1.vcxproj).  This can lead to incorrect clean and rebuild behavior.
  pic.cpp
E:\OneDrive - stu.xmu.edu.cn\Visual Net\src\pic.cpp(21,52): warning C4267: “初始化”: 从“size_t”转换到“int”，可能丢失数据
E:\OneDrive - stu.xmu.edu.cn\Visual Net\src\pic.cpp(28,12): warning C4244: “初始化”: 从“_Tp”转换到“float”，可能丢失数据
          with
          [
              _Tp=int
          ]
E:\OneDrive - stu.xmu.edu.cn\Visual Net\src\pic.cpp(28,41): warning C4244: “初始化”: 从“_Tp”转换到“float”，可能丢失数据
          with
          [
              _Tp=int
          ]
E:\OneDrive - stu.xmu.edu.cn\Visual Net\src\pic.cpp(29,12): warning C4244: “初始化”: 从“_Tp”转换到“float”，可能丢失数据
          with
          [
              _Tp=int
          ]
E:\OneDrive - stu.xmu.edu.cn\Visual Net\src\pic.cpp(29,41): warning C4244: “初始化”: 从“_Tp”转换到“float”，可能丢失数据
          with
          [
              _Tp=int
          ]
E:\OneDrive - stu.xmu.edu.cn\Visual Net\src\pic.cpp(38,13): warning C4244: “初始化”: 从“_Tp”转换到“float”，可能丢失数据
          with
          [
              _Tp=int
          ]
E:\OneDrive - stu.xmu.edu.cn\Visual Net\src\pic.cpp(38,40): warning C4244: “初始化”: 从“_Tp”转换到“float”，可能丢失数据
          with
          [
              _Tp=int
          ]
E:\OneDrive - stu.xmu.edu.cn\Visual Net\src\pic.cpp(39,13): warning C4244: “初始化”: 从“_Tp”转换到“float”，可能丢失数据
          with
          [
              _Tp=int
          ]
E:\OneDrive - stu.xmu.edu.cn\Visual Net\src\pic.cpp(39,40): warning C4244: “初始化”: 从“_Tp”转换到“float”，可能丢失数据
          with
          [
              _Tp=int
          ]
E:\OneDrive - stu.xmu.edu.cn\Visual Net\src\pic.cpp(63,14): warning C4244: “return”: 从“double”转换到“float”，可能丢失数据
E:\OneDrive - stu.xmu.edu.cn\Visual Net\src\pic.cpp(95,66): warning C4244: “参数”: 从“float”转换到“_Tp”，可能丢失数据
          with
          [
              _Tp=int
          ]
E:\OneDrive - stu.xmu.edu.cn\Visual Net\src\pic.cpp(95,28): warning C4244: “参数”: 从“float”转换到“_Tp”，可能丢失数据
          with
          [
              _Tp=int
          ]
E:\OneDrive - stu.xmu.edu.cn\Visual Net\src\pic.cpp(99,23): warning C4244: “参数”: 从“int”转换到“_Tp”，可能丢失数据
          with
          [
              _Tp=float
          ]
E:\OneDrive - stu.xmu.edu.cn\Visual Net\src\pic.cpp(100,26): warning C4244: “参数”: 从“int”转换到“_Tp”，可能丢失数据
          with
          [
              _Tp=float
          ]
E:\OneDrive - stu.xmu.edu.cn\Visual Net\src\pic.cpp(101,39): warning C4244: “参数”: 从“int”转换到“_Tp”，可能丢失数据
          with
          [
              _Tp=float
          ]
E:\OneDrive - stu.xmu.edu.cn\Visual Net\src\pic.cpp(101,23): warning C4244: “参数”: 从“int”转换到“_Tp”，可能丢失数据
          with
          [
              _Tp=float
          ]
E:\OneDrive - stu.xmu.edu.cn\Visual Net\src\pic.cpp(140,37): warning C4305: “初始化”: 从“double”到“const float”截断
E:\OneDrive - stu.xmu.edu.cn\Visual Net\src\pic.cpp(140,57): warning C4305: “初始化”: 从“double”到“const float”截断
E:\OneDrive - stu.xmu.edu.cn\Visual Net\src\pic.cpp(142,62): warning C4305: “初始化”: 从“double”到“const float”截断
E:\OneDrive - stu.xmu.edu.cn\Visual Net\src\pic.cpp(142,88): warning C4305: “初始化”: 从“double”到“const float”截断
E:\OneDrive - stu.xmu.edu.cn\Visual Net\src\pic.cpp(215,15): warning C4244: “初始化”: 从“double”转换到“float”，可能丢失数据
E:\OneDrive - stu.xmu.edu.cn\Visual Net\src\pic.cpp(392,100): warning C4267: “参数”: 从“size_t”转换到“const int”，可能丢失数据
E:\OneDrive - stu.xmu.edu.cn\Visual Net\src\pic.cpp(465,31): warning C4244: “/=”: 从“double”转换到“float”，可能丢失数据
E:\OneDrive - stu.xmu.edu.cn\Visual Net\src\pic.cpp(279): warning C4715: “ImgParse::QrcodeParse::IsQrSizeLegal”: 不是所有的控件路径都返回值
  Project1.vcxproj -> E:\OneDrive - stu.xmu.edu.cn\Visual Net\src\x64\Debug\Visual Net.exe
